<?xml version="1.0" encoding="UTF-8"?>
<!-- Generated by org.testng.reporters.JUnitReportReporter -->
<testsuite hostname="LAPTOP-1MC78KE5" failures="0" tests="6" name="TestBase.LoginPageTest" time="69.295" errors="0" timestamp="2025-06-04T12:16:46 IST" skipped="0">
  <testcase classname="TestBase.LoginPageTest" name="testInvalidPassword" time="22.947"/>
  <system-out/>
  <testcase classname="TestBase.LoginPageTest" name="testInvalidUsername" time="21.594"/>
  <system-out/>
  <testcase classname="TestBase.LoginPageTest" name="testEmptyFields" time="20.727"/>
  <system-out/>
  <testcase classname="TestBase.LoginPageTest" name="testPlaceholderText" time="0.049"/>
  <system-out/>
  <testcase classname="TestBase.LoginPageTest" name="testForgotPasswordLink" time="0.687"/>
  <system-out/>
  <testcase classname="TestBase.LoginPageTest" name="testValidLogin" time="3.291"/>
  <system-out/>
</testsuite> <!-- TestBase.LoginPageTest -->
